RUN	simulations.UpdateUserPUT	updateuserput	1667143564778	Update Test	3.6.1
USER	Update User Scenrio	START	1667143588146
USER	Update User Scenrio	START	1667143588146
USER	Update User Scenrio	START	1667143588146
USER	Update User Scenrio	START	1667143588146
USER	Update User Scenrio	START	1667143588145
USER	Update User Scenrio	START	1667143588867
USER	Update User Scenrio	START	1667143588866
USER	Update User Scenrio	START	1667143588866
USER	Update User Scenrio	START	1667143588866
USER	Update User Scenrio	START	1667143588870
USER	Update User Scenrio	START	1667143588868
USER	Update User Scenrio	START	1667143588146
USER	Update User Scenrio	START	1667143588386
USER	Update User Scenrio	START	1667143588872
USER	Update User Scenrio	START	1667143588870
USER	Update User Scenrio	START	1667143588873
USER	Update User Scenrio	START	1667143588872
USER	Update User Scenrio	START	1667143588146
USER	Update User Scenrio	START	1667143588891
USER	Update User Scenrio	START	1667143588895
REQUEST		Update Specific User By Id	1667143588868	1667143590248	OK	 
REQUEST		Update Specific User By Id	1667143588819	1667143590247	OK	 
REQUEST		Update Specific User By Id	1667143588867	1667143590248	OK	 
REQUEST		Update Specific User By Id	1667143588819	1667143590247	OK	 
REQUEST		Update Specific User By Id	1667143588873	1667143590247	OK	 
REQUEST		Update Specific User By Id	1667143588819	1667143590247	OK	 
REQUEST		Update Specific User By Id	1667143588868	1667143590247	OK	 
REQUEST		Update Specific User By Id	1667143588820	1667143590248	OK	 
REQUEST		Update Specific User By Id	1667143588819	1667143590351	OK	 
REQUEST		Update Specific User By Id	1667143588869	1667143590352	OK	 
REQUEST		Update Specific User By Id	1667143588896	1667143590352	OK	 
REQUEST		Update Specific User By Id	1667143588892	1667143590355	OK	 
REQUEST		Update Specific User By Id	1667143588819	1667143590355	OK	 
REQUEST		Update Specific User By Id	1667143588819	1667143590358	OK	 
REQUEST		Update Specific User By Id	1667143588874	1667143590360	OK	 
REQUEST		Update Specific User By Id	1667143588873	1667143590360	OK	 
REQUEST		Update Specific User By Id	1667143588868	1667143590363	OK	 
REQUEST		Update Specific User By Id	1667143588873	1667143590374	OK	 
REQUEST		Update Specific User By Id	1667143588870	1667143590375	OK	 
REQUEST		Update Specific User By Id	1667143588820	1667143590384	OK	 
REQUEST		Update Specific User By Id Redirect 1	1667143590345	1667143593482	OK	 
REQUEST		Update Specific User By Id Redirect 1	1667143590346	1667143593482	OK	 
REQUEST		Update Specific User By Id Redirect 1	1667143590348	1667143593481	OK	 
REQUEST		Update Specific User By Id Redirect 1	1667143590343	1667143593482	OK	 
REQUEST		Update Specific User By Id Redirect 1	1667143590353	1667143593481	OK	 
REQUEST		Update Specific User By Id Redirect 1	1667143590344	1667143593482	OK	 
REQUEST		Update Specific User By Id Redirect 1	1667143590357	1667143593483	OK	 
REQUEST		Update Specific User By Id Redirect 1	1667143590348	1667143593481	OK	 
USER	Update User Scenrio	END	1667143594258
USER	Update User Scenrio	END	1667143594259
USER	Update User Scenrio	END	1667143594259
REQUEST		Update Specific User By Id Redirect 1	1667143590343	1667143594264	OK	 
USER	Update User Scenrio	END	1667143594260
USER	Update User Scenrio	END	1667143594260
USER	Update User Scenrio	END	1667143594261
USER	Update User Scenrio	END	1667143594262
REQUEST		Update Specific User By Id Redirect 1	1667143590364	1667143594268	OK	 
REQUEST		Update Specific User By Id Redirect 1	1667143590361	1667143594272	OK	 
REQUEST		Update Specific User By Id Redirect 1	1667143590346	1667143594276	OK	 
REQUEST		Update Specific User By Id Redirect 1	1667143590362	1667143594279	OK	 
USER	Update User Scenrio	END	1667143594270
USER	Update User Scenrio	END	1667143594274
USER	Update User Scenrio	END	1667143594276
USER	Update User Scenrio	END	1667143594279
USER	Update User Scenrio	END	1667143594281
REQUEST		Update Specific User By Id Redirect 1	1667143590353	1667143594286	OK	 
REQUEST		Update Specific User By Id Redirect 1	1667143590359	1667143594291	OK	 
REQUEST		Update Specific User By Id Redirect 1	1667143590361	1667143594296	OK	 
REQUEST		Update Specific User By Id Redirect 1	1667143590377	1667143594301	OK	 
REQUEST		Update Specific User By Id Redirect 1	1667143590386	1667143594305	OK	 
USER	Update User Scenrio	END	1667143594288
USER	Update User Scenrio	END	1667143594293
USER	Update User Scenrio	END	1667143594295
USER	Update User Scenrio	END	1667143594298
USER	Update User Scenrio	END	1667143594303
USER	Update User Scenrio	END	1667143594308
REQUEST		Update Specific User By Id Redirect 1	1667143590375	1667143594310	OK	 
REQUEST		Update Specific User By Id Redirect 1	1667143590356	1667143594311	OK	 
USER	Update User Scenrio	END	1667143594314
USER	Update User Scenrio	END	1667143594314
