RUN	simulations.AddUserPost	adduserpost	1667138089720	Post Request for Add User	3.6.1
USER	Add User Scenario	START	1667138094020
USER	Add User Scenario	START	1667138094021
USER	Add User Scenario	START	1667138094279
USER	Add User Scenario	START	1667138094280
USER	Add User Scenario	START	1667138094282
USER	Add User Scenario	START	1667138094012
USER	Add User Scenario	START	1667138094287
USER	Add User Scenario	START	1667138094009
USER	Add User Scenario	START	1667138094019
USER	Add User Scenario	START	1667138094292
USER	Add User Scenario	START	1667138094293
USER	Add User Scenario	START	1667138094296
USER	Add User Scenario	START	1667138094282
USER	Add User Scenario	START	1667138094012
USER	Add User Scenario	START	1667138094013
USER	Add User Scenario	START	1667138094301
USER	Add User Scenario	START	1667138094303
USER	Add User Scenario	START	1667138094018
USER	Add User Scenario	START	1667138094318
USER	Add User Scenario	START	1667138094334
REQUEST		Add User Request	1667138094215	1667138094573	OK	 
REQUEST		Add User Request	1667138094281	1667138094573	OK	 
REQUEST		Add User Request	1667138094216	1667138094573	OK	 
REQUEST		Add User Request	1667138094304	1667138094584	OK	 
REQUEST		Add User Request	1667138094215	1667138094571	OK	 
REQUEST		Add User Request	1667138094302	1667138094572	OK	 
REQUEST		Add User Request	1667138094215	1667138094572	OK	 
REQUEST		Add User Request	1667138094336	1667138094572	OK	 
REQUEST		Add User Request	1667138094293	1667138094689	OK	 
REQUEST		Add User Request	1667138094293	1667138094692	OK	 
REQUEST		Add User Request	1667138094215	1667138094697	OK	 
REQUEST		Add User Request	1667138094288	1667138094700	OK	 
REQUEST		Add User Request	1667138094297	1667138094704	OK	 
REQUEST		Add User Request	1667138094215	1667138094716	OK	 
REQUEST		Add User Request	1667138094291	1667138094718	OK	 
REQUEST		Add User Request	1667138094319	1667138094718	OK	 
REQUEST		Add User Request	1667138094283	1667138094719	OK	 
REQUEST		Add User Request	1667138094215	1667138094728	OK	 
REQUEST		Add User Request	1667138094215	1667138094731	OK	 
REQUEST		Add User Request	1667138094280	1667138094737	OK	 
REQUEST		Add User Request Redirect 1	1667138094717	1667138095248	OK	 
REQUEST		Add User Request Redirect 1	1667138094707	1667138095382	OK	 
REQUEST		Add User Request Redirect 1	1667138094672	1667138095244	OK	 
REQUEST		Add User Request Redirect 1	1667138094669	1667138095233	OK	 
REQUEST		Add User Request Redirect 1	1667138094673	1667138095247	OK	 
REQUEST		Add User Request Redirect 1	1667138094682	1667138095247	OK	 
REQUEST		Add User Request Redirect 1	1667138094671	1667138095237	OK	 
USER	Add User Scenario	END	1667138095445
USER	Add User Scenario	END	1667138095447
USER	Add User Scenario	END	1667138095450
USER	Add User Scenario	END	1667138095451
USER	Add User Scenario	END	1667138095451
REQUEST		Add User Request Redirect 1	1667138094676	1667138095244	OK	 
USER	Add User Scenario	END	1667138095453
USER	Add User Scenario	END	1667138095457
USER	Add User Scenario	END	1667138095458
REQUEST		Add User Request Redirect 1	1667138094665	1667138095480	OK	 
REQUEST		Add User Request Redirect 1	1667138094694	1667138095492	OK	 
REQUEST		Add User Request Redirect 1	1667138094701	1667138095497	OK	 
REQUEST		Add User Request Redirect 1	1667138094691	1667138095510	OK	 
REQUEST		Add User Request Redirect 1	1667138094730	1667138095519	OK	 
REQUEST		Add User Request Redirect 1	1667138094719	1667138095525	OK	 
REQUEST		Add User Request Redirect 1	1667138094720	1667138095536	OK	 
REQUEST		Add User Request Redirect 1	1667138094674	1667138095544	OK	 
USER	Add User Scenario	END	1667138095484
USER	Add User Scenario	END	1667138095499
USER	Add User Scenario	END	1667138095514
USER	Add User Scenario	END	1667138095521
USER	Add User Scenario	END	1667138095524
USER	Add User Scenario	END	1667138095527
USER	Add User Scenario	END	1667138095546
REQUEST		Add User Request Redirect 1	1667138094732	1667138095567	OK	 
REQUEST		Add User Request Redirect 1	1667138094719	1667138095580	OK	 
USER	Add User Scenario	END	1667138095574
USER	Add User Scenario	END	1667138095587
REQUEST		Add User Request Redirect 1	1667138094739	1667138095599	OK	 
USER	Add User Scenario	END	1667138095603
USER	Add User Scenario	END	1667138095613
REQUEST		Add User Request Redirect 1	1667138094699	1667138095688	OK	 
USER	Add User Scenario	END	1667138095693
