RUN	simulations.AddUserPost	adduserpost	1667139028441	Post + Get	3.6.1
USER	Add User Scenario	START	1667139030485
USER	Add User Scenario	START	1667139030483
USER	Add User Scenario	START	1667139030744
USER	Add User Scenario	START	1667139030484
USER	Add User Scenario	START	1667139030482
USER	Add User Scenario	START	1667139030756
USER	Add User Scenario	START	1667139030762
USER	Add User Scenario	START	1667139030762
USER	Add User Scenario	START	1667139030485
USER	Add User Scenario	START	1667139030764
USER	Add User Scenario	START	1667139030761
USER	Add User Scenario	START	1667139030484
USER	Add User Scenario	START	1667139030766
USER	Add User Scenario	START	1667139030482
USER	Add User Scenario	START	1667139030484
USER	Add User Scenario	START	1667139030777
USER	Add User Scenario	START	1667139030777
USER	Add User Scenario	START	1667139030783
USER	Add User Scenario	START	1667139030784
USER	Add User Scenario	START	1667139030785
REQUEST		Add User Request	1667139030782	1667139030908	OK	 
REQUEST		Add User Request	1667139030763	1667139030912	OK	 
REQUEST		Add User Request	1667139030785	1667139030961	OK	 
REQUEST		Add User Request	1667139030758	1667139030964	OK	 
REQUEST		Add User Request	1667139030620	1667139030969	OK	 
REQUEST		Add User Request	1667139030620	1667139030970	OK	 
REQUEST		Add User Request	1667139030625	1667139030888	OK	 
REQUEST		Add User Request	1667139030784	1667139030981	OK	 
REQUEST		Add User Request	1667139030625	1667139030985	OK	 
REQUEST		Add User Request	1667139030748	1667139030989	OK	 
REQUEST		Add User Request	1667139030765	1667139030909	OK	 
REQUEST		Add User Request	1667139030854	1667139030999	OK	 
REQUEST		Add User Request	1667139030762	1667139031043	OK	 
REQUEST		Add User Request	1667139030782	1667139030908	OK	 
REQUEST		Add User Request	1667139030620	1667139031048	OK	 
REQUEST		Add User Request	1667139030620	1667139030911	OK	 
REQUEST		Add User Request	1667139030622	1667139031052	OK	 
REQUEST		Add User Request	1667139030620	1667139030893	OK	 
REQUEST		Add User Request	1667139030761	1667139031061	OK	 
REQUEST		Add User Request	1667139030768	1667139031165	OK	 
REQUEST		Add User Request Redirect 1	1667139031001	1667139031209	OK	 
REQUEST		Add User Request Redirect 1	1667139031052	1667139031341	OK	 
REQUEST		Add User Request Redirect 1	1667139031063	1667139031354	OK	 
REQUEST		Add User Request Redirect 1	1667139030954	1667139031160	OK	 
REQUEST		Add User Request Redirect 1	1667139031053	1667139031374	OK	 
REQUEST		Add User Request Redirect 1	1667139030966	1667139031384	OK	 
REQUEST		Add User Request Redirect 1	1667139030971	1667139031390	OK	 
REQUEST		Add User Request Redirect 1	1667139030983	1667139031201	OK	 
REQUEST		Add User Request Redirect 1	1667139030986	1667139031399	OK	 
REQUEST		Add User Request Redirect 1	1667139031000	1667139031405	OK	 
REQUEST		Add User Request Redirect 1	1667139030974	1667139031182	OK	 
REQUEST		Add User Request Redirect 1	1667139030990	1667139031412	OK	 
REQUEST		Add User Request Redirect 1	1667139030953	1667139031161	OK	 
REQUEST		Add User Request Redirect 1	1667139030970	1667139031417	OK	 
REQUEST		Add User Request Redirect 1	1667139031045	1667139031422	OK	 
REQUEST		Add User Request Redirect 1	1667139031045	1667139031253	OK	 
REQUEST		Add User Request Redirect 1	1667139031049	1667139031428	OK	 
REQUEST		Add User Request Redirect 1	1667139030962	1667139031449	OK	 
REQUEST		Add User Request Redirect 1	1667139031065	1667139031628	OK	 
REQUEST		Add User Request Redirect 1	1667139031171	1667139031642	OK	 
REQUEST		Get User Request	1667139034366	1667139034408	OK	 
REQUEST		Get User Request	1667139034368	1667139034419	OK	 
REQUEST		Get User Request	1667139034379	1667139034422	OK	 
REQUEST		Get User Request	1667139034379	1667139034434	OK	 
REQUEST		Get User Request	1667139034381	1667139034434	OK	 
REQUEST		Get User Request	1667139034394	1667139034443	OK	 
REQUEST		Get User Request	1667139034398	1667139034446	OK	 
REQUEST		Get User Request	1667139034413	1667139034459	OK	 
REQUEST		Get User Request	1667139034414	1667139034462	OK	 
REQUEST		Get User Request	1667139034416	1667139034473	OK	 
REQUEST		Get User Request Redirect 1	1667139034423	1667139034471	OK	 
REQUEST		Get User Request Redirect 1	1667139034409	1667139034472	OK	 
REQUEST		Get User Request	1667139034440	1667139034486	OK	 
REQUEST		Get User Request Redirect 1	1667139034421	1667139034488	OK	 
REQUEST		Get User Request Redirect 1	1667139034435	1667139034491	OK	 
USER	Add User Scenario	END	1667139034485
USER	Add User Scenario	END	1667139034489
REQUEST		Get User Request	1667139034441	1667139034503	OK	 
REQUEST		Get User Request Redirect 1	1667139034443	1667139034503	OK	 
REQUEST		Get User Request	1667139034425	1667139034504	OK	 
REQUEST		Get User Request Redirect 1	1667139034435	1667139034506	OK	 
USER	Add User Scenario	END	1667139034493
USER	Add User Scenario	END	1667139034493
USER	Add User Scenario	END	1667139034505
USER	Add User Scenario	END	1667139034508
REQUEST		Get User Request Redirect 1	1667139034447	1667139034516	OK	 
USER	Add User Scenario	END	1667139034518
REQUEST		Get User Request	1667139034415	1667139034519	OK	 
REQUEST		Get User Request	1667139034427	1667139034522	OK	 
REQUEST		Get User Request	1667139034426	1667139034525	OK	 
REQUEST		Get User Request Redirect 1	1667139034478	1667139034532	OK	 
REQUEST		Get User Request Redirect 1	1667139034465	1667139034537	OK	 
USER	Add User Scenario	END	1667139034535
USER	Add User Scenario	END	1667139034539
REQUEST		Get User Request Redirect 1	1667139034489	1667139034547	OK	 
USER	Add User Scenario	END	1667139034549
REQUEST		Get User Request	1667139034418	1667139034556	OK	 
REQUEST		Get User Request Redirect 1	1667139034505	1667139034564	OK	 
USER	Add User Scenario	END	1667139034566
REQUEST		Get User Request Redirect 1	1667139034523	1667139034576	OK	 
USER	Add User Scenario	END	1667139034580
REQUEST		Get User Request	1667139034515	1667139034598	OK	 
REQUEST		Get User Request Redirect 1	1667139034506	1667139034594	OK	 
REQUEST		Get User Request Redirect 1	1667139034527	1667139034618	OK	 
USER	Add User Scenario	END	1667139034615
USER	Add User Scenario	END	1667139034621
REQUEST		Get User Request Redirect 1	1667139034460	1667139034589	OK	 
USER	Add User Scenario	END	1667139034656
REQUEST		Get User Request Redirect 1	1667139034601	1667139034667	OK	 
USER	Add User Scenario	END	1667139034671
REQUEST		Get User Request Redirect 1	1667139034521	1667139034685	OK	 
USER	Add User Scenario	END	1667139034759
REQUEST		Get User Request Redirect 1	1667139034558	1667139034766	OK	 
USER	Add User Scenario	END	1667139034769
REQUEST		Get User Request	1667139034771	1667139034818	OK	 
REQUEST		Get User Request	1667139034768	1667139034821	OK	 
REQUEST		Get User Request Redirect 1	1667139034822	1667139034893	OK	 
REQUEST		Get User Request Redirect 1	1667139034820	1667139034900	OK	 
USER	Add User Scenario	END	1667139034898
USER	Add User Scenario	END	1667139034903
